# Logfile created on 2014-01-15 16:45:37 -0500 by logger.rb/36483
I, [2014-01-15T16:45:37.197480 #5157]  INFO -- : 0:  rake (10.0.4) from /Users/rmerrill/.rbenv/versions/2.0.0-p247/lib/ruby/gems/2.0.0/specifications/rake-10.0.4.gemspec
I, [2014-01-15T16:45:37.197890 #5157]  INFO -- : 0:  i18n (0.6.1) from /Users/rmerrill/.rbenv/versions/2.0.0-p247/lib/ruby/gems/2.0.0/specifications/i18n-0.6.1.gemspec
I, [2014-01-15T16:45:38.086625 #5157]  INFO -- : 0:  multi_json (1.7.2) from /Users/rmerrill/.rbenv/versions/2.0.0-p247/lib/ruby/gems/2.0.0/specifications/multi_json-1.7.2.gemspec
I, [2014-01-15T16:45:38.087152 #5157]  INFO -- : 0:  activesupport (3.2.13) from /Users/rmerrill/.rbenv/versions/2.0.0-p247/lib/ruby/gems/2.0.0/specifications/activesupport-3.2.13.gemspec
I, [2014-01-15T16:45:38.711995 #5157]  INFO -- : 0:  sass (3.2.7) from /Users/rmerrill/.rbenv/versions/2.0.0-p247/lib/ruby/gems/2.0.0/specifications/sass-3.2.7.gemspec
I, [2014-01-15T16:45:39.074765 #5157]  INFO -- : 0:  bootstrap-sass (2.3.1.0) from /Users/rmerrill/.rbenv/versions/2.0.0-p247/lib/ruby/gems/2.0.0/specifications/bootstrap-sass-2.3.1.0.gemspec
I, [2014-01-15T16:45:39.799290 #5157]  INFO -- : 0:  chunky_png (1.2.7) from /Users/rmerrill/.rbenv/versions/2.0.0-p247/lib/ruby/gems/2.0.0/specifications/chunky_png-1.2.7.gemspec
I, [2014-01-15T16:45:39.799758 #5157]  INFO -- : 0:  coffee-script-source (1.3.3) from /Users/rmerrill/.rbenv/versions/2.0.0-p247/lib/ruby/gems/2.0.0/specifications/coffee-script-source-1.3.3.gemspec
I, [2014-01-15T16:45:39.800102 #5157]  INFO -- : 0:  execjs (1.4.0) from /Users/rmerrill/.rbenv/versions/2.0.0-p247/lib/ruby/gems/2.0.0/specifications/execjs-1.4.0.gemspec
I, [2014-01-15T16:45:39.800388 #5157]  INFO -- : 0:  coffee-script (2.2.0) from /Users/rmerrill/.rbenv/versions/2.0.0-p247/lib/ruby/gems/2.0.0/specifications/coffee-script-2.2.0.gemspec
I, [2014-01-15T16:45:39.800631 #5157]  INFO -- : 0:  coffee_cup (0.0.4) from /Users/rmerrill/.rbenv/versions/2.0.0-p247/lib/ruby/gems/2.0.0/specifications/coffee_cup-0.0.4.gemspec
I, [2014-01-15T16:45:39.800858 #5157]  INFO -- : 0:  fssm (0.2.10) from /Users/rmerrill/.rbenv/versions/2.0.0-p247/lib/ruby/gems/2.0.0/specifications/fssm-0.2.10.gemspec
I, [2014-01-15T16:45:39.801117 #5157]  INFO -- : 0:  compass (0.12.2) from /Users/rmerrill/.rbenv/versions/2.0.0-p247/lib/ruby/gems/2.0.0/specifications/compass-0.12.2.gemspec
I, [2014-01-15T16:45:40.249284 #5157]  INFO -- : 0:  tilt (1.3.6) from /Users/rmerrill/.rbenv/versions/2.0.0-p247/lib/ruby/gems/2.0.0/specifications/tilt-1.3.6.gemspec
I, [2014-01-15T16:45:40.773128 #5157]  INFO -- : 0:  haml (4.0.1) from /Users/rmerrill/.rbenv/versions/2.0.0-p247/lib/ruby/gems/2.0.0/specifications/haml-4.0.1.gemspec
I, [2014-01-15T16:45:40.798565 #5157]  INFO -- : 0:  hike (1.2.1) from /Users/rmerrill/.rbenv/versions/2.0.0-p247/lib/ruby/gems/2.0.0/specifications/hike-1.2.1.gemspec
I, [2014-01-15T16:45:40.799120 #5157]  INFO -- : 0:  rack (1.4.5) from /Users/rmerrill/.rbenv/versions/2.0.0-p247/lib/ruby/gems/2.0.0/specifications/rack-1.4.5.gemspec
I, [2014-01-15T16:45:40.799512 #5157]  INFO -- : 0:  url_mount (0.2.1) from /Users/rmerrill/.rbenv/versions/2.0.0-p247/lib/ruby/gems/2.0.0/specifications/url_mount-0.2.1.gemspec
I, [2014-01-15T16:45:40.799826 #5157]  INFO -- : 0:  http_router (0.10.2) from /Users/rmerrill/.rbenv/versions/2.0.0-p247/lib/ruby/gems/2.0.0/specifications/http_router-0.10.2.gemspec
I, [2014-01-15T16:45:40.800153 #5157]  INFO -- : 0:  httpclient (2.3.3) from /Users/rmerrill/.rbenv/versions/2.0.0-p247/lib/ruby/gems/2.0.0/specifications/httpclient-2.3.3.gemspec
I, [2014-01-15T16:45:40.800460 #5157]  INFO -- : 0:  json (1.7.7) from /Users/rmerrill/.rbenv/versions/2.0.0-p247/lib/ruby/gems/2.0.0/specifications/default/json-1.7.7.gemspec
I, [2014-01-15T16:45:41.106277 #5157]  INFO -- : 0:  kss (0.4.0) from /Users/rmerrill/.rbenv/versions/2.0.0-p247/lib/ruby/gems/2.0.0/specifications/kss-0.4.0.gemspec
I, [2014-01-15T16:45:55.702344 #5157]  INFO -- : 0:  libv8 (3.11.8.17) from /Users/rmerrill/.rbenv/versions/2.0.0-p247/lib/ruby/gems/2.0.0/specifications/libv8-3.11.8.17-x86_64-darwin-13.gemspec
I, [2014-01-15T16:45:55.702759 #5157]  INFO -- : 0:  listen (0.7.3) from /Users/rmerrill/.rbenv/versions/2.0.0-p247/lib/ruby/gems/2.0.0/specifications/listen-0.7.3.gemspec
I, [2014-01-15T16:45:55.703014 #5157]  INFO -- : 0:  syntax (1.0.0) from /Users/rmerrill/.rbenv/versions/2.0.0-p247/lib/ruby/gems/2.0.0/specifications/syntax-1.0.0.gemspec
I, [2014-01-15T16:45:55.703242 #5157]  INFO -- : 0:  maruku (0.6.1) from /Users/rmerrill/.rbenv/versions/2.0.0-p247/lib/ruby/gems/2.0.0/specifications/maruku-0.6.1.gemspec
I, [2014-01-15T16:45:55.703441 #5157]  INFO -- : 0:  bundler (1.5.1) from /Users/rmerrill/.rbenv/versions/2.0.0-p247/lib/ruby/gems/2.0.0/specifications/bundler-1.5.1.gemspec
I, [2014-01-15T16:45:55.703656 #5157]  INFO -- : 0:  rack-test (0.6.2) from /Users/rmerrill/.rbenv/versions/2.0.0-p247/lib/ruby/gems/2.0.0/specifications/rack-test-0.6.2.gemspec
I, [2014-01-15T16:45:55.703864 #5157]  INFO -- : 0:  rb-fsevent (0.9.3) from /Users/rmerrill/.rbenv/versions/2.0.0-p247/lib/ruby/gems/2.0.0/specifications/rb-fsevent-0.9.3.gemspec
I, [2014-01-15T16:45:55.704062 #5157]  INFO -- : 0:  thor (0.15.4) from /Users/rmerrill/.rbenv/versions/2.0.0-p247/lib/ruby/gems/2.0.0/specifications/thor-0.15.4.gemspec
I, [2014-01-15T16:45:57.103726 #5157]  INFO -- : 0:  middleman-core (3.0.13) from /Users/rmerrill/.rbenv/versions/2.0.0-p247/lib/ruby/gems/2.0.0/specifications/middleman-core-3.0.13.gemspec
I, [2014-01-15T16:45:57.104057 #5157]  INFO -- : 0:  rack-protection (1.5.0) from /Users/rmerrill/.rbenv/versions/2.0.0-p247/lib/ruby/gems/2.0.0/specifications/rack-protection-1.5.0.gemspec
I, [2014-01-15T16:45:57.104251 #5157]  INFO -- : 0:  sinatra (1.3.6) from /Users/rmerrill/.rbenv/versions/2.0.0-p247/lib/ruby/gems/2.0.0/specifications/sinatra-1.3.6.gemspec
I, [2014-01-15T16:45:57.104427 #5157]  INFO -- : 0:  padrino-core (0.10.7) from /Users/rmerrill/.rbenv/versions/2.0.0-p247/lib/ruby/gems/2.0.0/specifications/padrino-core-0.10.7.gemspec
I, [2014-01-15T16:45:57.104598 #5157]  INFO -- : 0:  padrino-helpers (0.10.7) from /Users/rmerrill/.rbenv/versions/2.0.0-p247/lib/ruby/gems/2.0.0/specifications/padrino-helpers-0.10.7.gemspec
I, [2014-01-15T16:45:57.104770 #5157]  INFO -- : 0:  uglifier (1.2.7) from /Users/rmerrill/.rbenv/versions/2.0.0-p247/lib/ruby/gems/2.0.0/specifications/uglifier-1.2.7.gemspec
I, [2014-01-15T16:45:57.800146 #5157]  INFO -- : 0:  middleman-more (3.0.13) from /Users/rmerrill/.rbenv/versions/2.0.0-p247/lib/ruby/gems/2.0.0/specifications/middleman-more-3.0.13.gemspec
I, [2014-01-15T16:45:57.800549 #5157]  INFO -- : 0:  sprockets (2.4.5) from /Users/rmerrill/.rbenv/versions/2.0.0-p247/lib/ruby/gems/2.0.0/specifications/sprockets-2.4.5.gemspec
I, [2014-01-15T16:45:57.800824 #5157]  INFO -- : 0:  sprockets-sass (0.9.1) from /Users/rmerrill/.rbenv/versions/2.0.0-p247/lib/ruby/gems/2.0.0/specifications/sprockets-sass-0.9.1.gemspec
I, [2014-01-15T16:45:58.500952 #5157]  INFO -- : 0:  middleman-sprockets (3.0.10) from /Users/rmerrill/.rbenv/versions/2.0.0-p247/lib/ruby/gems/2.0.0/specifications/middleman-sprockets-3.0.10.gemspec
I, [2014-01-15T16:45:58.983996 #5157]  INFO -- : 0:  middleman (3.0.13) from /Users/rmerrill/.rbenv/versions/2.0.0-p247/lib/ruby/gems/2.0.0/specifications/middleman-3.0.13.gemspec
I, [2014-01-15T16:45:58.984292 #5157]  INFO -- : 0:  smusher (0.4.9) from /Users/rmerrill/.rbenv/versions/2.0.0-p247/lib/ruby/gems/2.0.0/specifications/smusher-0.4.9.gemspec
I, [2014-01-15T16:45:58.984484 #5157]  INFO -- : 0:  middleman-smusher (3.0.0) from /Users/rmerrill/.rbenv/versions/2.0.0-p247/lib/ruby/gems/2.0.0/specifications/middleman-smusher-3.0.0.gemspec
I, [2014-01-15T16:45:59.336922 #5157]  INFO -- : 0:  ref (1.0.4) from /Users/rmerrill/.rbenv/versions/2.0.0-p247/lib/ruby/gems/2.0.0/specifications/ref-1.0.4.gemspec
I, [2014-01-15T16:45:59.337212 #5157]  INFO -- : 0:  susy (1.0.8) from /Users/rmerrill/.rbenv/versions/2.0.0-p247/lib/ruby/gems/2.0.0/specifications/susy-1.0.8.gemspec
I, [2014-01-15T16:46:07.630259 #5157]  INFO -- : 0:  therubyracer (0.11.4) from /Users/rmerrill/.rbenv/versions/2.0.0-p247/lib/ruby/gems/2.0.0/specifications/therubyracer-0.11.4.gemspec
